<?xml version="1.0" encoding="UTF-8"?>
<!-- Generated by org.testng.reporters.JUnitReportReporter -->
<testsuite hostname="DESKTOP-BI3CN01" failures="3" tests="146" name="com.qa.beameducation.testscripts.Class3Test" time="4911.282" errors="0" timestamp="2023-12-18T12:24:34 IST" skipped="0">
  <testcase classname="com.qa.beameducation.testscripts.Class3Test" name="addcase" time="33.566"/>
  <testcase classname="com.qa.beameducation.testscripts.Class3Test" name="addcase" time="34.415"/>
  <testcase classname="com.qa.beameducation.testscripts.Class3Test" name="addcase" time="33.778"/>
  <testcase classname="com.qa.beameducation.testscripts.Class3Test" name="addcase" time="33.389"/>
  <testcase classname="com.qa.beameducation.testscripts.Class3Test" name="addcase" time="34.126"/>
  <testcase classname="com.qa.beameducation.testscripts.Class3Test" name="addcase" time="34.136"/>
  <testcase classname="com.qa.beameducation.testscripts.Class3Test" name="addcase" time="33.621"/>
  <testcase classname="com.qa.beameducation.testscripts.Class3Test" name="addcase" time="33.528"/>
  <testcase classname="com.qa.beameducation.testscripts.Class3Test" name="addcase" time="33.487"/>
  <testcase classname="com.qa.beameducation.testscripts.Class3Test" name="addcase" time="34.147"/>
  <testcase classname="com.qa.beameducation.testscripts.Class3Test" name="addcase" time="34.371"/>
  <testcase classname="com.qa.beameducation.testscripts.Class3Test" name="addcase" time="33.915"/>
  <testcase classname="com.qa.beameducation.testscripts.Class3Test" name="addcase" time="34.059"/>
  <testcase classname="com.qa.beameducation.testscripts.Class3Test" name="addcase" time="33.528"/>
  <testcase classname="com.qa.beameducation.testscripts.Class3Test" name="addcase" time="33.779"/>
  <testcase classname="com.qa.beameducation.testscripts.Class3Test" name="addcase" time="35.492"/>
  <testcase classname="com.qa.beameducation.testscripts.Class3Test" name="addcase" time="34.359"/>
  <testcase classname="com.qa.beameducation.testscripts.Class3Test" name="addcase" time="33.181"/>
  <testcase classname="com.qa.beameducation.testscripts.Class3Test" name="addcase" time="34.052"/>
  <testcase classname="com.qa.beameducation.testscripts.Class3Test" name="addcase" time="34.342"/>
  <testcase classname="com.qa.beameducation.testscripts.Class3Test" name="addcase" time="33.641"/>
  <testcase classname="com.qa.beameducation.testscripts.Class3Test" name="addcase" time="33.572"/>
  <testcase classname="com.qa.beameducation.testscripts.Class3Test" name="addcase" time="34.038"/>
  <testcase classname="com.qa.beameducation.testscripts.Class3Test" name="addcase" time="34.300"/>
  <testcase classname="com.qa.beameducation.testscripts.Class3Test" name="addcase" time="34.202"/>
  <testcase classname="com.qa.beameducation.testscripts.Class3Test" name="addcase" time="33.603"/>
  <testcase classname="com.qa.beameducation.testscripts.Class3Test" name="addcase" time="32.888"/>
  <testcase classname="com.qa.beameducation.testscripts.Class3Test" name="addcase" time="34.400"/>
  <testcase classname="com.qa.beameducation.testscripts.Class3Test" name="addcase" time="33.457"/>
  <testcase classname="com.qa.beameducation.testscripts.Class3Test" name="addcase" time="34.333"/>
  <testcase classname="com.qa.beameducation.testscripts.Class3Test" name="addcase" time="34.051"/>
  <testcase classname="com.qa.beameducation.testscripts.Class3Test" name="addcase" time="33.256"/>
  <testcase classname="com.qa.beameducation.testscripts.Class3Test" name="addcase" time="32.944"/>
  <testcase classname="com.qa.beameducation.testscripts.Class3Test" name="addcase" time="32.121"/>
  <testcase classname="com.qa.beameducation.testscripts.Class3Test" name="addcase" time="33.340"/>
  <testcase classname="com.qa.beameducation.testscripts.Class3Test" name="addcase" time="35.087"/>
  <testcase classname="com.qa.beameducation.testscripts.Class3Test" name="addcase" time="32.757"/>
  <testcase classname="com.qa.beameducation.testscripts.Class3Test" name="addcase" time="33.188"/>
  <testcase classname="com.qa.beameducation.testscripts.Class3Test" name="addcase" time="33.423"/>
  <testcase classname="com.qa.beameducation.testscripts.Class3Test" name="addcase" time="33.491"/>
  <testcase classname="com.qa.beameducation.testscripts.Class3Test" name="addcase" time="33.424"/>
  <testcase classname="com.qa.beameducation.testscripts.Class3Test" name="addcase" time="33.025"/>
  <testcase classname="com.qa.beameducation.testscripts.Class3Test" name="addcase" time="33.565"/>
  <testcase classname="com.qa.beameducation.testscripts.Class3Test" name="addcase" time="33.662"/>
  <testcase classname="com.qa.beameducation.testscripts.Class3Test" name="addcase" time="32.402"/>
  <testcase classname="com.qa.beameducation.testscripts.Class3Test" name="addcase" time="33.066"/>
  <testcase classname="com.qa.beameducation.testscripts.Class3Test" name="addcase" time="33.893"/>
  <testcase classname="com.qa.beameducation.testscripts.Class3Test" name="addcase" time="33.721"/>
  <testcase classname="com.qa.beameducation.testscripts.Class3Test" name="addcase" time="33.322"/>
  <testcase classname="com.qa.beameducation.testscripts.Class3Test" name="addcase" time="33.833"/>
  <testcase classname="com.qa.beameducation.testscripts.Class3Test" name="addcase" time="31.899"/>
  <testcase classname="com.qa.beameducation.testscripts.Class3Test" name="addcase" time="31.887"/>
  <testcase classname="com.qa.beameducation.testscripts.Class3Test" name="addcase" time="32.509"/>
  <testcase classname="com.qa.beameducation.testscripts.Class3Test" name="addcase" time="34.163"/>
  <testcase classname="com.qa.beameducation.testscripts.Class3Test" name="addcase" time="34.651"/>
  <testcase classname="com.qa.beameducation.testscripts.Class3Test" name="addcase" time="34.236"/>
  <testcase classname="com.qa.beameducation.testscripts.Class3Test" name="addcase" time="33.414"/>
  <testcase classname="com.qa.beameducation.testscripts.Class3Test" name="addcase" time="34.920"/>
  <testcase classname="com.qa.beameducation.testscripts.Class3Test" name="addcase" time="35.362"/>
  <testcase classname="com.qa.beameducation.testscripts.Class3Test" name="addcase" time="35.032"/>
  <testcase classname="com.qa.beameducation.testscripts.Class3Test" name="addcase" time="33.738"/>
  <testcase classname="com.qa.beameducation.testscripts.Class3Test" name="addcase" time="33.981"/>
  <testcase classname="com.qa.beameducation.testscripts.Class3Test" name="addcase" time="34.436"/>
  <testcase classname="com.qa.beameducation.testscripts.Class3Test" name="addcase" time="33.269"/>
  <testcase classname="com.qa.beameducation.testscripts.Class3Test" name="addcase" time="27.204">
    <failure message="Both are equal expected [ 3Working Towards Good Just] but found [ 3Working Below]" type="java.lang.AssertionError">
      <![CDATA[java.lang.AssertionError: Both are equal expected [ 3Working Towards Good Just] but found [ 3Working Below]
at org.testng.Assert.fail(Assert.java:111)
at org.testng.Assert.failNotEquals(Assert.java:1578)
at org.testng.Assert.assertEqualsImpl(Assert.java:150)
at org.testng.Assert.assertEquals(Assert.java:132)
at org.testng.Assert.assertEquals(Assert.java:656)
at com.qa.beameducation.testscripts.Class3Test.addcase(Class3Test.java:130)
at jdk.internal.reflect.GeneratedMethodAccessor1.invoke(Unknown Source)
at java.base/jdk.internal.reflect.DelegatingMethodAccessorImpl.invoke(DelegatingMethodAccessorImpl.java:43)
at java.base/java.lang.reflect.Method.invoke(Method.java:568)
at org.testng.internal.invokers.MethodInvocationHelper.invokeMethod(MethodInvocationHelper.java:139)
at org.testng.internal.invokers.TestInvoker.invokeMethod(TestInvoker.java:664)
at org.testng.internal.invokers.TestInvoker.invokeTestMethod(TestInvoker.java:227)
at org.testng.internal.invokers.MethodRunner.runInSequence(MethodRunner.java:50)
at org.testng.internal.invokers.TestInvoker$MethodInvocationAgent.invoke(TestInvoker.java:957)
at org.testng.internal.invokers.TestInvoker.invokeTestMethods(TestInvoker.java:200)
at org.testng.internal.invokers.TestMethodWorker.invokeTestMethods(TestMethodWorker.java:148)
at org.testng.internal.invokers.TestMethodWorker.run(TestMethodWorker.java:128)
at java.base/java.util.ArrayList.forEach(ArrayList.java:1511)
at org.testng.TestRunner.privateRun(TestRunner.java:848)
at org.testng.TestRunner.run(TestRunner.java:621)
at org.testng.SuiteRunner.runTest(SuiteRunner.java:443)
at org.testng.SuiteRunner.runSequentially(SuiteRunner.java:437)
at org.testng.SuiteRunner.privateRun(SuiteRunner.java:397)
at org.testng.SuiteRunner.run(SuiteRunner.java:336)
at org.testng.SuiteRunnerWorker.runSuite(SuiteRunnerWorker.java:52)
at org.testng.SuiteRunnerWorker.run(SuiteRunnerWorker.java:95)
at org.testng.TestNG.runSuitesSequentially(TestNG.java:1280)
at org.testng.TestNG.runSuitesLocally(TestNG.java:1200)
at org.testng.TestNG.runSuites(TestNG.java:1114)
at org.testng.TestNG.run(TestNG.java:1082)
at org.testng.remote.AbstractRemoteTestNG.run(AbstractRemoteTestNG.java:115)
at org.testng.remote.RemoteTestNG.initAndRun(RemoteTestNG.java:251)
at org.testng.remote.RemoteTestNG.main(RemoteTestNG.java:77)
]]>
    </failure>
  </testcase> <!-- addcase -->
  <testcase classname="com.qa.beameducation.testscripts.Class3Test" name="addcase" time="34.547"/>
  <testcase classname="com.qa.beameducation.testscripts.Class3Test" name="addcase" time="35.147"/>
  <testcase classname="com.qa.beameducation.testscripts.Class3Test" name="addcase" time="34.640"/>
  <testcase classname="com.qa.beameducation.testscripts.Class3Test" name="addcase" time="33.306"/>
  <testcase classname="com.qa.beameducation.testscripts.Class3Test" name="addcase" time="32.874"/>
  <testcase classname="com.qa.beameducation.testscripts.Class3Test" name="addcase" time="33.294"/>
  <testcase classname="com.qa.beameducation.testscripts.Class3Test" name="addcase" time="32.409"/>
  <testcase classname="com.qa.beameducation.testscripts.Class3Test" name="addcase" time="32.883"/>
  <testcase classname="com.qa.beameducation.testscripts.Class3Test" name="addcase" time="34.230"/>
  <testcase classname="com.qa.beameducation.testscripts.Class3Test" name="addcase" time="33.221"/>
  <testcase classname="com.qa.beameducation.testscripts.Class3Test" name="addcase" time="33.211"/>
  <testcase classname="com.qa.beameducation.testscripts.Class3Test" name="addcase" time="33.722"/>
  <testcase classname="com.qa.beameducation.testscripts.Class3Test" name="addcase" time="33.441"/>
  <testcase classname="com.qa.beameducation.testscripts.Class3Test" name="addcase" time="34.294"/>
  <testcase classname="com.qa.beameducation.testscripts.Class3Test" name="addcase" time="34.143"/>
  <testcase classname="com.qa.beameducation.testscripts.Class3Test" name="addcase" time="34.235"/>
  <testcase classname="com.qa.beameducation.testscripts.Class3Test" name="addcase" time="33.390"/>
  <testcase classname="com.qa.beameducation.testscripts.Class3Test" name="addcase" time="34.008"/>
  <testcase classname="com.qa.beameducation.testscripts.Class3Test" name="addcase" time="34.719"/>
  <testcase classname="com.qa.beameducation.testscripts.Class3Test" name="addcase" time="35.595"/>
  <testcase classname="com.qa.beameducation.testscripts.Class3Test" name="addcase" time="34.758"/>
  <testcase classname="com.qa.beameducation.testscripts.Class3Test" name="addcase" time="33.611"/>
  <testcase classname="com.qa.beameducation.testscripts.Class3Test" name="addcase" time="33.582"/>
  <testcase classname="com.qa.beameducation.testscripts.Class3Test" name="addcase" time="33.117"/>
  <testcase classname="com.qa.beameducation.testscripts.Class3Test" name="addcase" time="34.148"/>
  <testcase classname="com.qa.beameducation.testscripts.Class3Test" name="addcase" time="34.301"/>
  <testcase classname="com.qa.beameducation.testscripts.Class3Test" name="addcase" time="33.862"/>
  <testcase classname="com.qa.beameducation.testscripts.Class3Test" name="addcase" time="34.116"/>
  <testcase classname="com.qa.beameducation.testscripts.Class3Test" name="addcase" time="32.974"/>
  <testcase classname="com.qa.beameducation.testscripts.Class3Test" name="addcase" time="34.648"/>
  <testcase classname="com.qa.beameducation.testscripts.Class3Test" name="addcase" time="34.083"/>
  <testcase classname="com.qa.beameducation.testscripts.Class3Test" name="addcase" time="34.857"/>
  <testcase classname="com.qa.beameducation.testscripts.Class3Test" name="addcase" time="28.739">
    <failure message="Both are equal expected [ 3Working Towards Good Just] but found [ 3Working Below]" type="java.lang.AssertionError">
      <![CDATA[java.lang.AssertionError: Both are equal expected [ 3Working Towards Good Just] but found [ 3Working Below]
at org.testng.Assert.fail(Assert.java:111)
at org.testng.Assert.failNotEquals(Assert.java:1578)
at org.testng.Assert.assertEqualsImpl(Assert.java:150)
at org.testng.Assert.assertEquals(Assert.java:132)
at org.testng.Assert.assertEquals(Assert.java:656)
at com.qa.beameducation.testscripts.Class3Test.addcase(Class3Test.java:130)
at jdk.internal.reflect.GeneratedMethodAccessor1.invoke(Unknown Source)
at java.base/jdk.internal.reflect.DelegatingMethodAccessorImpl.invoke(DelegatingMethodAccessorImpl.java:43)
at java.base/java.lang.reflect.Method.invoke(Method.java:568)
at org.testng.internal.invokers.MethodInvocationHelper.invokeMethod(MethodInvocationHelper.java:139)
at org.testng.internal.invokers.TestInvoker.invokeMethod(TestInvoker.java:664)
at org.testng.internal.invokers.TestInvoker.invokeTestMethod(TestInvoker.java:227)
at org.testng.internal.invokers.MethodRunner.runInSequence(MethodRunner.java:50)
at org.testng.internal.invokers.TestInvoker$MethodInvocationAgent.invoke(TestInvoker.java:957)
at org.testng.internal.invokers.TestInvoker.invokeTestMethods(TestInvoker.java:200)
at org.testng.internal.invokers.TestMethodWorker.invokeTestMethods(TestMethodWorker.java:148)
at org.testng.internal.invokers.TestMethodWorker.run(TestMethodWorker.java:128)
at java.base/java.util.ArrayList.forEach(ArrayList.java:1511)
at org.testng.TestRunner.privateRun(TestRunner.java:848)
at org.testng.TestRunner.run(TestRunner.java:621)
at org.testng.SuiteRunner.runTest(SuiteRunner.java:443)
at org.testng.SuiteRunner.runSequentially(SuiteRunner.java:437)
at org.testng.SuiteRunner.privateRun(SuiteRunner.java:397)
at org.testng.SuiteRunner.run(SuiteRunner.java:336)
at org.testng.SuiteRunnerWorker.runSuite(SuiteRunnerWorker.java:52)
at org.testng.SuiteRunnerWorker.run(SuiteRunnerWorker.java:95)
at org.testng.TestNG.runSuitesSequentially(TestNG.java:1280)
at org.testng.TestNG.runSuitesLocally(TestNG.java:1200)
at org.testng.TestNG.runSuites(TestNG.java:1114)
at org.testng.TestNG.run(TestNG.java:1082)
at org.testng.remote.AbstractRemoteTestNG.run(AbstractRemoteTestNG.java:115)
at org.testng.remote.RemoteTestNG.initAndRun(RemoteTestNG.java:251)
at org.testng.remote.RemoteTestNG.main(RemoteTestNG.java:77)
]]>
    </failure>
  </testcase> <!-- addcase -->
  <testcase classname="com.qa.beameducation.testscripts.Class3Test" name="addcase" time="31.689"/>
  <testcase classname="com.qa.beameducation.testscripts.Class3Test" name="addcase" time="34.866"/>
  <testcase classname="com.qa.beameducation.testscripts.Class3Test" name="addcase" time="32.497"/>
  <testcase classname="com.qa.beameducation.testscripts.Class3Test" name="addcase" time="34.848"/>
  <testcase classname="com.qa.beameducation.testscripts.Class3Test" name="addcase" time="34.010"/>
  <testcase classname="com.qa.beameducation.testscripts.Class3Test" name="addcase" time="33.721"/>
  <testcase classname="com.qa.beameducation.testscripts.Class3Test" name="addcase" time="33.085"/>
  <testcase classname="com.qa.beameducation.testscripts.Class3Test" name="addcase" time="32.120"/>
  <testcase classname="com.qa.beameducation.testscripts.Class3Test" name="addcase" time="33.341"/>
  <testcase classname="com.qa.beameducation.testscripts.Class3Test" name="addcase" time="34.060"/>
  <testcase classname="com.qa.beameducation.testscripts.Class3Test" name="addcase" time="32.961"/>
  <testcase classname="com.qa.beameducation.testscripts.Class3Test" name="addcase" time="34.163"/>
  <testcase classname="com.qa.beameducation.testscripts.Class3Test" name="addcase" time="33.892"/>
  <testcase classname="com.qa.beameducation.testscripts.Class3Test" name="addcase" time="32.597"/>
  <testcase classname="com.qa.beameducation.testscripts.Class3Test" name="addcase" time="34.636"/>
  <testcase classname="com.qa.beameducation.testscripts.Class3Test" name="addcase" time="33.627"/>
  <testcase classname="com.qa.beameducation.testscripts.Class3Test" name="addcase" time="33.844"/>
  <testcase classname="com.qa.beameducation.testscripts.Class3Test" name="addcase" time="32.812"/>
  <testcase classname="com.qa.beameducation.testscripts.Class3Test" name="addcase" time="34.520"/>
  <testcase classname="com.qa.beameducation.testscripts.Class3Test" name="addcase" time="33.393"/>
  <testcase classname="com.qa.beameducation.testscripts.Class3Test" name="addcase" time="33.445"/>
  <testcase classname="com.qa.beameducation.testscripts.Class3Test" name="addcase" time="34.924"/>
  <testcase classname="com.qa.beameducation.testscripts.Class3Test" name="addcase" time="28.483">
    <failure message="Both are equal expected [ 3Working Towards Good Just] but found [ 3Working Towards Good Fit]" type="java.lang.AssertionError">
      <![CDATA[java.lang.AssertionError: Both are equal expected [ 3Working Towards Good Just] but found [ 3Working Towards Good Fit]
at org.testng.Assert.fail(Assert.java:111)
at org.testng.Assert.failNotEquals(Assert.java:1578)
at org.testng.Assert.assertEqualsImpl(Assert.java:150)
at org.testng.Assert.assertEquals(Assert.java:132)
at org.testng.Assert.assertEquals(Assert.java:656)
at com.qa.beameducation.testscripts.Class3Test.addcase(Class3Test.java:130)
at jdk.internal.reflect.GeneratedMethodAccessor1.invoke(Unknown Source)
at java.base/jdk.internal.reflect.DelegatingMethodAccessorImpl.invoke(DelegatingMethodAccessorImpl.java:43)
at java.base/java.lang.reflect.Method.invoke(Method.java:568)
at org.testng.internal.invokers.MethodInvocationHelper.invokeMethod(MethodInvocationHelper.java:139)
at org.testng.internal.invokers.TestInvoker.invokeMethod(TestInvoker.java:664)
at org.testng.internal.invokers.TestInvoker.invokeTestMethod(TestInvoker.java:227)
at org.testng.internal.invokers.MethodRunner.runInSequence(MethodRunner.java:50)
at org.testng.internal.invokers.TestInvoker$MethodInvocationAgent.invoke(TestInvoker.java:957)
at org.testng.internal.invokers.TestInvoker.invokeTestMethods(TestInvoker.java:200)
at org.testng.internal.invokers.TestMethodWorker.invokeTestMethods(TestMethodWorker.java:148)
at org.testng.internal.invokers.TestMethodWorker.run(TestMethodWorker.java:128)
at java.base/java.util.ArrayList.forEach(ArrayList.java:1511)
at org.testng.TestRunner.privateRun(TestRunner.java:848)
at org.testng.TestRunner.run(TestRunner.java:621)
at org.testng.SuiteRunner.runTest(SuiteRunner.java:443)
at org.testng.SuiteRunner.runSequentially(SuiteRunner.java:437)
at org.testng.SuiteRunner.privateRun(SuiteRunner.java:397)
at org.testng.SuiteRunner.run(SuiteRunner.java:336)
at org.testng.SuiteRunnerWorker.runSuite(SuiteRunnerWorker.java:52)
at org.testng.SuiteRunnerWorker.run(SuiteRunnerWorker.java:95)
at org.testng.TestNG.runSuitesSequentially(TestNG.java:1280)
at org.testng.TestNG.runSuitesLocally(TestNG.java:1200)
at org.testng.TestNG.runSuites(TestNG.java:1114)
at org.testng.TestNG.run(TestNG.java:1082)
at org.testng.remote.AbstractRemoteTestNG.run(AbstractRemoteTestNG.java:115)
at org.testng.remote.RemoteTestNG.initAndRun(RemoteTestNG.java:251)
at org.testng.remote.RemoteTestNG.main(RemoteTestNG.java:77)
]]>
    </failure>
  </testcase> <!-- addcase -->
  <testcase classname="com.qa.beameducation.testscripts.Class3Test" name="addcase" time="34.464"/>
  <testcase classname="com.qa.beameducation.testscripts.Class3Test" name="addcase" time="34.121"/>
  <testcase classname="com.qa.beameducation.testscripts.Class3Test" name="addcase" time="34.545"/>
  <testcase classname="com.qa.beameducation.testscripts.Class3Test" name="addcase" time="33.549"/>
  <testcase classname="com.qa.beameducation.testscripts.Class3Test" name="addcase" time="34.226"/>
  <testcase classname="com.qa.beameducation.testscripts.Class3Test" name="addcase" time="33.437"/>
  <testcase classname="com.qa.beameducation.testscripts.Class3Test" name="addcase" time="32.052"/>
  <testcase classname="com.qa.beameducation.testscripts.Class3Test" name="addcase" time="32.262"/>
  <testcase classname="com.qa.beameducation.testscripts.Class3Test" name="addcase" time="35.130"/>
  <testcase classname="com.qa.beameducation.testscripts.Class3Test" name="addcase" time="33.110"/>
  <testcase classname="com.qa.beameducation.testscripts.Class3Test" name="addcase" time="33.270"/>
  <testcase classname="com.qa.beameducation.testscripts.Class3Test" name="addcase" time="32.438"/>
  <testcase classname="com.qa.beameducation.testscripts.Class3Test" name="addcase" time="34.047"/>
  <testcase classname="com.qa.beameducation.testscripts.Class3Test" name="addcase" time="33.893"/>
  <testcase classname="com.qa.beameducation.testscripts.Class3Test" name="addcase" time="34.656"/>
  <testcase classname="com.qa.beameducation.testscripts.Class3Test" name="addcase" time="33.909"/>
  <testcase classname="com.qa.beameducation.testscripts.Class3Test" name="addcase" time="34.048"/>
  <testcase classname="com.qa.beameducation.testscripts.Class3Test" name="addcase" time="32.787"/>
  <testcase classname="com.qa.beameducation.testscripts.Class3Test" name="addcase" time="34.416"/>
  <testcase classname="com.qa.beameducation.testscripts.Class3Test" name="addcase" time="33.819"/>
  <testcase classname="com.qa.beameducation.testscripts.Class3Test" name="addcase" time="31.849"/>
  <testcase classname="com.qa.beameducation.testscripts.Class3Test" name="addcase" time="34.157"/>
  <testcase classname="com.qa.beameducation.testscripts.Class3Test" name="addcase" time="34.855"/>
  <testcase classname="com.qa.beameducation.testscripts.Class3Test" name="addcase" time="34.197"/>
  <testcase classname="com.qa.beameducation.testscripts.Class3Test" name="addcase" time="34.429"/>
</testsuite> <!-- com.qa.beameducation.testscripts.Class3Test -->
