<?xml version="1.0" encoding="UTF-8"?>
<!-- Generated by org.testng.reporters.JUnitReportReporter -->
<testsuite hostname="DESKTOP-BI3CN01" failures="0" tests="2" name="com.qa.beameducation.testscripts.Case1Test" time="36.577" errors="1" timestamp="2023-12-08T16:24:06 IST" skipped="0">
  <testcase classname="com.qa.beameducation.testscripts.Case1Test" name="loginTest" time="26.521"/>
  <testcase classname="com.qa.beameducation.testscripts.Case1Test" name="addcase1Test" time="10.056">
    <error message="Error {
  message=&#039;Unexpected token &quot;/&quot; while parsing selector &quot;/html/body/div[3]/div/div/div[2]/div/div/div/div[1]/span&quot;
  name=&#039;Error
  stack=&#039;Error: Unexpected token &quot;/&quot; while parsing selector &quot;/html/body/div[3]/div/div/div[2]/div/div/div/div[1]/span&quot;
    at unexpected (C:\Users\Rhibhus\AppData\Local\Temp\playwright-java-18099370465104445099\package\lib\utils\isomorphic\cssParser.js:68:12)
    at consumeSimpleSelector (C:\Users\Rhibhus\AppData\Local\Temp\playwright-java-18099370465104445099\package\lib\utils\isomorphic\cssParser.js:208:15)
    at consumeComplexSelector (C:\Users\Rhibhus\AppData\Local\Temp\playwright-java-18099370465104445099\package\lib\utils\isomorphic\cssParser.js:140:19)
    at consumeArgument (C:\Users\Rhibhus\AppData\Local\Temp\playwright-java-18099370465104445099\package\lib\utils\isomorphic\cssParser.js:120:12)
    at consumeFunctionArguments (C:\Users\Rhibhus\AppData\Local\Temp\playwright-java-18099370465104445099\package\lib\utils\isomorphic\cssParser.js:107:21)
    at parseCSS (C:\Users\Rhibhus\AppData\Local\Temp\playwright-java-18099370465104445099\package\lib\utils\isomorphic\cssParser.js:228:18)
    at parseSelector (C:\Users\Rhibhus\AppData\Local\Temp\playwright-java-18099370465104445099\package\lib\utils\isomorphic\selectorParser.js:50:49)
    at asLocators (C:\Users\Rhibhus\AppData\Local\Temp\playwright-java-18099370465104445099\package\lib\utils\isomorphic\locatorGenerators.js:39:100)
    at asLocator (C:\Users\Rhibhus\AppData\Local\Temp\playwright-java-18099370465104445099\package\lib\utils\isomorphic\locatorGenerators.js:28:10)
    at Frame._asLocator (C:\Users\Rhibhus\AppData\Local\Temp\playwright-java-18099370465104445099\package\lib\server\frames.js:1530:45)
}" type="com.microsoft.playwright.PlaywrightException">
      <![CDATA[com.microsoft.playwright.PlaywrightException: Error {
  message='Unexpected token "/" while parsing selector "/html/body/div[3]/div/div/div[2]/div/div/div/div[1]/span"
  name='Error
  stack='Error: Unexpected token "/" while parsing selector "/html/body/div[3]/div/div/div[2]/div/div/div/div[1]/span"
    at unexpected (C:\Users\Rhibhus\AppData\Local\Temp\playwright-java-18099370465104445099\package\lib\utils\isomorphic\cssParser.js:68:12)
    at consumeSimpleSelector (C:\Users\Rhibhus\AppData\Local\Temp\playwright-java-18099370465104445099\package\lib\utils\isomorphic\cssParser.js:208:15)
    at consumeComplexSelector (C:\Users\Rhibhus\AppData\Local\Temp\playwright-java-18099370465104445099\package\lib\utils\isomorphic\cssParser.js:140:19)
    at consumeArgument (C:\Users\Rhibhus\AppData\Local\Temp\playwright-java-18099370465104445099\package\lib\utils\isomorphic\cssParser.js:120:12)
    at consumeFunctionArguments (C:\Users\Rhibhus\AppData\Local\Temp\playwright-java-18099370465104445099\package\lib\utils\isomorphic\cssParser.js:107:21)
    at parseCSS (C:\Users\Rhibhus\AppData\Local\Temp\playwright-java-18099370465104445099\package\lib\utils\isomorphic\cssParser.js:228:18)
    at parseSelector (C:\Users\Rhibhus\AppData\Local\Temp\playwright-java-18099370465104445099\package\lib\utils\isomorphic\selectorParser.js:50:49)
    at asLocators (C:\Users\Rhibhus\AppData\Local\Temp\playwright-java-18099370465104445099\package\lib\utils\isomorphic\locatorGenerators.js:39:100)
    at asLocator (C:\Users\Rhibhus\AppData\Local\Temp\playwright-java-18099370465104445099\package\lib\utils\isomorphic\locatorGenerators.js:28:10)
    at Frame._asLocator (C:\Users\Rhibhus\AppData\Local\Temp\playwright-java-18099370465104445099\package\lib\server\frames.js:1530:45)
}
at com.microsoft.playwright.impl.WaitableResult.get(WaitableResult.java:54)
at com.microsoft.playwright.impl.ChannelOwner.runUntil(ChannelOwner.java:120)
at com.microsoft.playwright.impl.Connection.sendMessage(Connection.java:129)
at com.microsoft.playwright.impl.ChannelOwner.sendMessage(ChannelOwner.java:106)
at com.microsoft.playwright.impl.FrameImpl.clickImpl(FrameImpl.java:252)
at com.microsoft.playwright.impl.PageImpl.lambda$click$17(PageImpl.java:586)
at com.microsoft.playwright.impl.LoggingSupport.lambda$withLogging$0(LoggingSupport.java:36)
at com.microsoft.playwright.impl.LoggingSupport.withLogging(LoggingSupport.java:47)
at com.microsoft.playwright.impl.ChannelOwner.withLogging(ChannelOwner.java:89)
at com.microsoft.playwright.impl.LoggingSupport.withLogging(LoggingSupport.java:35)
at com.microsoft.playwright.impl.PageImpl.click(PageImpl.java:585)
at com.microsoft.playwright.Page.click(Page.java:3752)
at com.qa.beameducation.pages.Case1_Page.addCase1(Case1_Page.java:32)
at com.qa.beameducation.testscripts.Case1Test.addcase1Test(Case1Test.java:20)
at java.base/jdk.internal.reflect.NativeMethodAccessorImpl.invoke0(Native Method)
at java.base/jdk.internal.reflect.NativeMethodAccessorImpl.invoke(NativeMethodAccessorImpl.java:77)
at java.base/jdk.internal.reflect.DelegatingMethodAccessorImpl.invoke(DelegatingMethodAccessorImpl.java:43)
at java.base/java.lang.reflect.Method.invoke(Method.java:568)
at org.testng.internal.invokers.MethodInvocationHelper.invokeMethod(MethodInvocationHelper.java:139)
at org.testng.internal.invokers.TestInvoker.invokeMethod(TestInvoker.java:664)
at org.testng.internal.invokers.TestInvoker.invokeTestMethod(TestInvoker.java:227)
at org.testng.internal.invokers.MethodRunner.runInSequence(MethodRunner.java:50)
at org.testng.internal.invokers.TestInvoker$MethodInvocationAgent.invoke(TestInvoker.java:957)
at org.testng.internal.invokers.TestInvoker.invokeTestMethods(TestInvoker.java:200)
at org.testng.internal.invokers.TestMethodWorker.invokeTestMethods(TestMethodWorker.java:148)
at org.testng.internal.invokers.TestMethodWorker.run(TestMethodWorker.java:128)
at java.base/java.util.ArrayList.forEach(ArrayList.java:1511)
at org.testng.TestRunner.privateRun(TestRunner.java:848)
at org.testng.TestRunner.run(TestRunner.java:621)
at org.testng.SuiteRunner.runTest(SuiteRunner.java:443)
at org.testng.SuiteRunner.runSequentially(SuiteRunner.java:437)
at org.testng.SuiteRunner.privateRun(SuiteRunner.java:397)
at org.testng.SuiteRunner.run(SuiteRunner.java:336)
at org.testng.SuiteRunnerWorker.runSuite(SuiteRunnerWorker.java:52)
at org.testng.SuiteRunnerWorker.run(SuiteRunnerWorker.java:95)
at org.testng.TestNG.runSuitesSequentially(TestNG.java:1280)
at org.testng.TestNG.runSuitesLocally(TestNG.java:1200)
at org.testng.TestNG.runSuites(TestNG.java:1114)
at org.testng.TestNG.run(TestNG.java:1082)
at org.testng.remote.AbstractRemoteTestNG.run(AbstractRemoteTestNG.java:115)
at org.testng.remote.RemoteTestNG.initAndRun(RemoteTestNG.java:251)
at org.testng.remote.RemoteTestNG.main(RemoteTestNG.java:77)
Caused by: com.microsoft.playwright.impl.DriverException: Error {
  message='Unexpected token "/" while parsing selector "/html/body/div[3]/div/div/div[2]/div/div/div/div[1]/span"
  name='Error
  stack='Error: Unexpected token "/" while parsing selector "/html/body/div[3]/div/div/div[2]/div/div/div/div[1]/span"
    at unexpected (C:\Users\Rhibhus\AppData\Local\Temp\playwright-java-18099370465104445099\package\lib\utils\isomorphic\cssParser.js:68:12)
    at consumeSimpleSelector (C:\Users\Rhibhus\AppData\Local\Temp\playwright-java-18099370465104445099\package\lib\utils\isomorphic\cssParser.js:208:15)
    at consumeComplexSelector (C:\Users\Rhibhus\AppData\Local\Temp\playwright-java-18099370465104445099\package\lib\utils\isomorphic\cssParser.js:140:19)
    at consumeArgument (C:\Users\Rhibhus\AppData\Local\Temp\playwright-java-18099370465104445099\package\lib\utils\isomorphic\cssParser.js:120:12)
    at consumeFunctionArguments (C:\Users\Rhibhus\AppData\Local\Temp\playwright-java-18099370465104445099\package\lib\utils\isomorphic\cssParser.js:107:21)
    at parseCSS (C:\Users\Rhibhus\AppData\Local\Temp\playwright-java-18099370465104445099\package\lib\utils\isomorphic\cssParser.js:228:18)
    at parseSelector (C:\Users\Rhibhus\AppData\Local\Temp\playwright-java-18099370465104445099\package\lib\utils\isomorphic\selectorParser.js:50:49)
    at asLocators (C:\Users\Rhibhus\AppData\Local\Temp\playwright-java-18099370465104445099\package\lib\utils\isomorphic\locatorGenerators.js:39:100)
    at asLocator (C:\Users\Rhibhus\AppData\Local\Temp\playwright-java-18099370465104445099\package\lib\utils\isomorphic\locatorGenerators.js:28:10)
    at Frame._asLocator (C:\Users\Rhibhus\AppData\Local\Temp\playwright-java-18099370465104445099\package\lib\server\frames.js:1530:45)
}
at com.microsoft.playwright.impl.Connection.dispatch(Connection.java:257)
at com.microsoft.playwright.impl.Connection.processOneMessage(Connection.java:209)
at com.microsoft.playwright.impl.ChannelOwner.runUntil(ChannelOwner.java:118)
... 40 more
]]>
    </error>
  </testcase> <!-- addcase1Test -->
</testsuite> <!-- com.qa.beameducation.testscripts.Case1Test -->
